<?xml version="1.0" encoding="UTF-8"?>
<testsuite xmlns:xsi="http://www.w3.org/2001/XMLSchema-instance" xsi:noNamespaceSchemaLocation="https://maven.apache.org/surefire/maven-surefire-plugin/xsd/surefire-test-report.xsd" name="TestSuite" time="167.649" tests="12" errors="0" skipped="0" failures="9">
  <properties>
[...]
</properties>
  <testcase name="runScenario" classname="runners.CreateBooking" time="11.251">
    <failure message="expected [true] but found [false]" type="java.lang.AssertionError">java.lang.AssertionError: expected [true] but found [false]
</failure>
    <system-out><![CDATA[H:\Shilpa\Hotel_Booking\Reports\Report_Sun May 05 12_27_47 BST 2019//Report.html
Logs are at ./logs/
]]></system-out>
    <system-err><![CDATA[WARNING: Found tags option '~@ignore'. Support for '~@tag' will be removed from the next release of Cucumber-JVM. Please use 'not @tag' instead.
May 05, 2019 12:27:49 PM org.openqa.selenium.remote.ProtocolHandshake createSession
INFO: Detected dialect: OSS
]]></system-err>
  </testcase>
  <testcase name="runScenario" classname="runners.CreateBooking" time="9.304">
    <failure message="expected [true] but found [false]" type="java.lang.AssertionError">java.lang.AssertionError: expected [true] but found [false]
</failure>
    <system-out><![CDATA[Logs are at ./logs/
]]></system-out>
    <system-err><![CDATA[May 05, 2019 12:28:00 PM org.openqa.selenium.remote.ProtocolHandshake createSession
INFO: Detected dialect: OSS
]]></system-err>
  </testcase>
  <testcase name="runScenario" classname="runners.CreateBooking" time="9.326"/>
  <testcase name="runScenario" classname="runners.CreateBooking" time="9.408">
    <failure message="expected [true] but found [false]" type="java.lang.AssertionError">java.lang.AssertionError: expected [true] but found [false]
</failure>
    <system-out><![CDATA[Logs are at ./logs/
]]></system-out>
    <system-err><![CDATA[May 05, 2019 12:28:18 PM org.openqa.selenium.remote.ProtocolHandshake createSession
INFO: Detected dialect: OSS
]]></system-err>
  </testcase>
  <testcase name="runScenario" classname="runners.CreateBooking" time="9.279"/>
  <testcase name="runScenario" classname="runners.CreateBooking" time="13.178"/>
  <testcase name="runScenario" classname="runners.DeleteBooking" time="17.917">
    <failure message="expected [true] but found [false]" type="java.lang.AssertionError">java.lang.AssertionError: expected [true] but found [false]
</failure>
    <system-out><![CDATA[
Failed scenarios:
features/CreateBooking.feature:21 # Create a new Hotel Booking
features/CreateBooking.feature:22 # Create a new Hotel Booking
features/CreateBooking.feature:24 # Create a new Hotel Booking

6 Scenarios (3 failed, 3 passed)
54 Steps (3 failed, 51 passed)
1m1.755s

java.lang.AssertionError: expected [true] but found [false]
	at org.testng.Assert.fail(Assert.java:96)
	at org.testng.Assert.failNotEquals(Assert.java:776)
	at org.testng.Assert.assertTrue(Assert.java:44)
	at org.testng.Assert.assertTrue(Assert.java:54)
	at steps.browser.CreateBooking.theBookingIsSavedSuccessfullyFor(CreateBooking.java:82)
	at ?.The booking is saved successfully for Test(classpath:features/CreateBooking.feature:17)

java.lang.AssertionError: expected [true] but found [false]
	at org.testng.Assert.fail(Assert.java:96)
	at org.testng.Assert.failNotEquals(Assert.java:776)
	at org.testng.Assert.assertTrue(Assert.java:44)
	at org.testng.Assert.assertTrue(Assert.java:54)
	at steps.browser.CreateBooking.theBookingIsSavedSuccessfullyFor(CreateBooking.java:82)
	at ?.The booking is saved successfully for sb(classpath:features/CreateBooking.feature:17)

java.lang.AssertionError: expected [true] but found [false]
	at org.testng.Assert.fail(Assert.java:96)
	at org.testng.Assert.failNotEquals(Assert.java:776)
	at org.testng.Assert.assertTrue(Assert.java:44)
	at org.testng.Assert.assertTrue(Assert.java:54)
	at steps.browser.CreateBooking.theBookingIsSavedSuccessfullyFor(CreateBooking.java:82)
	at ?.The booking is saved successfully for £%%$$%(classpath:features/CreateBooking.feature:17)

Logs are at ./logs/
Rows = 13
/html/body/div[1]/div[2]/div[6]/div[7]/input
]]></system-out>
    <system-err><![CDATA[WARNING: Found tags option '~@ignore'. Support for '~@tag' will be removed from the next release of Cucumber-JVM. Please use 'not @tag' instead.
May 05, 2019 12:28:50 PM org.openqa.selenium.remote.ProtocolHandshake createSession
INFO: Detected dialect: OSS
]]></system-err>
  </testcase>
  <testcase name="runScenario" classname="runners.DeleteBooking" time="17.43">
    <failure message="expected [true] but found [false]" type="java.lang.AssertionError">java.lang.AssertionError: expected [true] but found [false]
</failure>
    <system-out><![CDATA[Logs are at ./logs/
Rows = 12
/html/body/div[1]/div[2]/div[8]/div[7]/input
]]></system-out>
    <system-err><![CDATA[May 05, 2019 12:29:08 PM org.openqa.selenium.remote.ProtocolHandshake createSession
INFO: Detected dialect: OSS
]]></system-err>
  </testcase>
  <testcase name="runScenario" classname="runners.DeleteBooking" time="17.416">
    <failure message="expected [true] but found [false]" type="java.lang.AssertionError">java.lang.AssertionError: expected [true] but found [false]
</failure>
    <system-out><![CDATA[Logs are at ./logs/
Rows = 11
/html/body/div[1]/div[2]/div[8]/div[7]/input
]]></system-out>
    <system-err><![CDATA[May 05, 2019 12:29:26 PM org.openqa.selenium.remote.ProtocolHandshake createSession
INFO: Detected dialect: OSS
]]></system-err>
  </testcase>
  <testcase name="runScenario" classname="runners.DeleteBooking" time="17.404">
    <failure message="expected [true] but found [false]" type="java.lang.AssertionError">java.lang.AssertionError: expected [true] but found [false]
</failure>
    <system-out><![CDATA[Logs are at ./logs/
Rows = 10
/html/body/div[1]/div[2]/div[8]/div[7]/input
]]></system-out>
    <system-err><![CDATA[May 05, 2019 12:29:43 PM org.openqa.selenium.remote.ProtocolHandshake createSession
INFO: Detected dialect: OSS
]]></system-err>
  </testcase>
  <testcase name="runScenario" classname="runners.DeleteBooking" time="17.401">
    <failure message="expected [true] but found [false]" type="java.lang.AssertionError">java.lang.AssertionError: expected [true] but found [false]
</failure>
    <system-out><![CDATA[Logs are at ./logs/
Rows = 9
/html/body/div[1]/div[2]/div[7]/div[7]/input
]]></system-out>
    <system-err><![CDATA[May 05, 2019 12:30:01 PM org.openqa.selenium.remote.ProtocolHandshake createSession
INFO: Detected dialect: OSS
]]></system-err>
  </testcase>
  <testcase name="runScenario" classname="runners.DeleteBooking" time="17.424">
    <failure message="expected [true] but found [false]" type="java.lang.AssertionError">java.lang.AssertionError: expected [true] but found [false]
</failure>
    <system-out><![CDATA[Logs are at ./logs/
Rows = 8
/html/body/div[1]/div[2]/div[8]/div[7]/input
]]></system-out>
    <system-err><![CDATA[May 05, 2019 12:30:18 PM org.openqa.selenium.remote.ProtocolHandshake createSession
INFO: Detected dialect: OSS
]]></system-err>
  </testcase>
</testsuite>