<?xml version="1.0" encoding="UTF-8"?>
<testng-results ignored="0" total="12" passed="3" failed="9" skipped="0">
  <reporter-output>
  </reporter-output>
  <suite started-at="2019-05-05T11:27:46Z" name="BDD Test Suite" finished-at="2019-05-05T11:30:33Z" duration-ms="167056">
    <groups>
      <group name="cucumber">
        <method signature="AbstractTestNGCucumberTests.runScenario(cucumber.api.testng.PickleEventWrapper, cucumber.api.testng.CucumberFeatureWrapper)[pri:0, instance:runners.CreateBooking@394df057]" name="runScenario" class="cucumber.api.testng.AbstractTestNGCucumberTests"/>
        <method signature="AbstractTestNGCucumberTests.runScenario(cucumber.api.testng.PickleEventWrapper, cucumber.api.testng.CucumberFeatureWrapper)[pri:0, instance:runners.DeleteBooking@4961f6af]" name="runScenario" class="cucumber.api.testng.AbstractTestNGCucumberTests"/>
      </group> <!-- cucumber -->
    </groups>
    <test started-at="2019-05-05T11:27:46Z" name="Hotel Booking" finished-at="2019-05-05T11:30:33Z" duration-ms="167056">
      <class name="runners.DeleteBooking">
        <test-method is-config="true" signature="setUpClass()[pri:0, instance:runners.DeleteBooking@4961f6af]" started-at="2019-05-05T11:28:48Z" name="setUpClass" finished-at="2019-05-05T11:28:48Z" duration-ms="2" status="PASS">
          <reporter-output>
          </reporter-output>
        </test-method> <!-- setUpClass -->
        <test-method signature="runScenario(cucumber.api.testng.PickleEventWrapper, cucumber.api.testng.CucumberFeatureWrapper)[pri:0, instance:runners.DeleteBooking@4961f6af]" started-at="2019-05-05T11:28:48Z" name="runScenario" description="Runs Cucumber Scenarios" data-provider="scenarios" finished-at="2019-05-05T11:29:06Z" duration-ms="17996" status="FAIL">
          <params>
            <param index="0">
              <value>
                <![CDATA["Delete An Existing Hotel Booking"]]>
              </value>
            </param>
            <param index="1">
              <value>
                <![CDATA["Delete the Hotel Booking For a customer"]]>
              </value>
            </param>
          </params>
          <exception class="java.lang.AssertionError">
            <message>
              <![CDATA[expected [true] but found [false]]]>
            </message>
            <full-stacktrace>
              <![CDATA[java.lang.AssertionError: expected [true] but found [false]
at org.testng.Assert.fail(Assert.java:96)
at org.testng.Assert.failNotEquals(Assert.java:776)
at org.testng.Assert.assertTrue(Assert.java:44)
at org.testng.Assert.assertTrue(Assert.java:54)
at steps.browser.DeleteBooking.theBookingIsDeleted(DeleteBooking.java:42)
at ✽.The booking is deleted for Test(classpath:features/DeleteBooking.feature:12)
]]>
            </full-stacktrace>
          </exception> <!-- java.lang.AssertionError -->
          <reporter-output>
          </reporter-output>
        </test-method> <!-- runScenario -->
        <test-method signature="runScenario(cucumber.api.testng.PickleEventWrapper, cucumber.api.testng.CucumberFeatureWrapper)[pri:0, instance:runners.DeleteBooking@4961f6af]" started-at="2019-05-05T11:29:06Z" name="runScenario" description="Runs Cucumber Scenarios" data-provider="scenarios" finished-at="2019-05-05T11:29:24Z" duration-ms="17430" status="FAIL">
          <params>
            <param index="0">
              <value>
                <![CDATA["Delete An Existing Hotel Booking"]]>
              </value>
            </param>
            <param index="1">
              <value>
                <![CDATA["Delete the Hotel Booking For a customer"]]>
              </value>
            </param>
          </params>
          <exception class="java.lang.AssertionError">
            <message>
              <![CDATA[expected [true] but found [false]]]>
            </message>
            <full-stacktrace>
              <![CDATA[java.lang.AssertionError: expected [true] but found [false]
at org.testng.Assert.fail(Assert.java:96)
at org.testng.Assert.failNotEquals(Assert.java:776)
at org.testng.Assert.assertTrue(Assert.java:44)
at org.testng.Assert.assertTrue(Assert.java:54)
at steps.browser.DeleteBooking.theBookingIsDeleted(DeleteBooking.java:42)
at ✽.The booking is deleted for sb(classpath:features/DeleteBooking.feature:12)
]]>
            </full-stacktrace>
          </exception> <!-- java.lang.AssertionError -->
          <reporter-output>
          </reporter-output>
        </test-method> <!-- runScenario -->
        <test-method signature="runScenario(cucumber.api.testng.PickleEventWrapper, cucumber.api.testng.CucumberFeatureWrapper)[pri:0, instance:runners.DeleteBooking@4961f6af]" started-at="2019-05-05T11:29:24Z" name="runScenario" description="Runs Cucumber Scenarios" data-provider="scenarios" finished-at="2019-05-05T11:29:41Z" duration-ms="17416" status="FAIL">
          <params>
            <param index="0">
              <value>
                <![CDATA["Delete An Existing Hotel Booking"]]>
              </value>
            </param>
            <param index="1">
              <value>
                <![CDATA["Delete the Hotel Booking For a customer"]]>
              </value>
            </param>
          </params>
          <exception class="java.lang.AssertionError">
            <message>
              <![CDATA[expected [true] but found [false]]]>
            </message>
            <full-stacktrace>
              <![CDATA[java.lang.AssertionError: expected [true] but found [false]
at org.testng.Assert.fail(Assert.java:96)
at org.testng.Assert.failNotEquals(Assert.java:776)
at org.testng.Assert.assertTrue(Assert.java:44)
at org.testng.Assert.assertTrue(Assert.java:54)
at steps.browser.DeleteBooking.theBookingIsDeleted(DeleteBooking.java:42)
at ✽.The booking is deleted for 354445(classpath:features/DeleteBooking.feature:12)
]]>
            </full-stacktrace>
          </exception> <!-- java.lang.AssertionError -->
          <reporter-output>
          </reporter-output>
        </test-method> <!-- runScenario -->
        <test-method signature="runScenario(cucumber.api.testng.PickleEventWrapper, cucumber.api.testng.CucumberFeatureWrapper)[pri:0, instance:runners.DeleteBooking@4961f6af]" started-at="2019-05-05T11:29:41Z" name="runScenario" description="Runs Cucumber Scenarios" data-provider="scenarios" finished-at="2019-05-05T11:29:58Z" duration-ms="17404" status="FAIL">
          <params>
            <param index="0">
              <value>
                <![CDATA["Delete An Existing Hotel Booking"]]>
              </value>
            </param>
            <param index="1">
              <value>
                <![CDATA["Delete the Hotel Booking For a customer"]]>
              </value>
            </param>
          </params>
          <exception class="java.lang.AssertionError">
            <message>
              <![CDATA[expected [true] but found [false]]]>
            </message>
            <full-stacktrace>
              <![CDATA[java.lang.AssertionError: expected [true] but found [false]
at org.testng.Assert.fail(Assert.java:96)
at org.testng.Assert.failNotEquals(Assert.java:776)
at org.testng.Assert.assertTrue(Assert.java:44)
at org.testng.Assert.assertTrue(Assert.java:54)
at steps.browser.DeleteBooking.theBookingIsDeleted(DeleteBooking.java:42)
at ✽.The booking is deleted for £%%$$%(classpath:features/DeleteBooking.feature:12)
]]>
            </full-stacktrace>
          </exception> <!-- java.lang.AssertionError -->
          <reporter-output>
          </reporter-output>
        </test-method> <!-- runScenario -->
        <test-method signature="runScenario(cucumber.api.testng.PickleEventWrapper, cucumber.api.testng.CucumberFeatureWrapper)[pri:0, instance:runners.DeleteBooking@4961f6af]" started-at="2019-05-05T11:29:58Z" name="runScenario" description="Runs Cucumber Scenarios" data-provider="scenarios" finished-at="2019-05-05T11:30:16Z" duration-ms="17402" status="FAIL">
          <params>
            <param index="0">
              <value>
                <![CDATA["Delete An Existing Hotel Booking"]]>
              </value>
            </param>
            <param index="1">
              <value>
                <![CDATA["Delete the Hotel Booking For a customer"]]>
              </value>
            </param>
          </params>
          <exception class="java.lang.AssertionError">
            <message>
              <![CDATA[expected [true] but found [false]]]>
            </message>
            <full-stacktrace>
              <![CDATA[java.lang.AssertionError: expected [true] but found [false]
at org.testng.Assert.fail(Assert.java:96)
at org.testng.Assert.failNotEquals(Assert.java:776)
at org.testng.Assert.assertTrue(Assert.java:44)
at org.testng.Assert.assertTrue(Assert.java:54)
at steps.browser.DeleteBooking.theBookingIsDeleted(DeleteBooking.java:42)
at ✽.The booking is deleted for First name(classpath:features/DeleteBooking.feature:12)
]]>
            </full-stacktrace>
          </exception> <!-- java.lang.AssertionError -->
          <reporter-output>
          </reporter-output>
        </test-method> <!-- runScenario -->
        <test-method signature="runScenario(cucumber.api.testng.PickleEventWrapper, cucumber.api.testng.CucumberFeatureWrapper)[pri:0, instance:runners.DeleteBooking@4961f6af]" started-at="2019-05-05T11:30:16Z" name="runScenario" description="Runs Cucumber Scenarios" data-provider="scenarios" finished-at="2019-05-05T11:30:33Z" duration-ms="17424" status="FAIL">
          <params>
            <param index="0">
              <value>
                <![CDATA["Delete An Existing Hotel Booking"]]>
              </value>
            </param>
            <param index="1">
              <value>
                <![CDATA["Delete the Hotel Booking For a customer"]]>
              </value>
            </param>
          </params>
          <exception class="java.lang.AssertionError">
            <message>
              <![CDATA[expected [true] but found [false]]]>
            </message>
            <full-stacktrace>
              <![CDATA[java.lang.AssertionError: expected [true] but found [false]
at org.testng.Assert.fail(Assert.java:96)
at org.testng.Assert.failNotEquals(Assert.java:776)
at org.testng.Assert.assertTrue(Assert.java:44)
at org.testng.Assert.assertTrue(Assert.java:54)
at steps.browser.DeleteBooking.theBookingIsDeleted(DeleteBooking.java:42)
at ✽.The booking is deleted for The quick brown fox jumped over the lazy dog The quick brown fox jumped over the lazy dog The quick brown fox jumped over the lazy dog The quick brown fox jumped over the lazy dog The quick brown fox jumped over the lazy dog The quick brown fox jumped over the lazy dog The quick brown fox jumped over the lazy dog The quick brown fox jumped over the lazy dog(classpath:features/DeleteBooking.feature:12)
]]>
            </full-stacktrace>
          </exception> <!-- java.lang.AssertionError -->
          <reporter-output>
          </reporter-output>
        </test-method> <!-- runScenario -->
        <test-method is-config="true" signature="tearDownClass()[pri:0, instance:runners.DeleteBooking@4961f6af]" started-at="2019-05-05T11:30:33Z" name="tearDownClass" finished-at="2019-05-05T11:30:33Z" duration-ms="21" status="PASS">
          <reporter-output>
          </reporter-output>
        </test-method> <!-- tearDownClass -->
      </class> <!-- runners.DeleteBooking -->
      <class name="runners.CreateBooking">
        <test-method is-config="true" signature="setUpClass()[pri:0, instance:runners.CreateBooking@394df057]" started-at="2019-05-05T11:27:46Z" name="setUpClass" finished-at="2019-05-05T11:27:46Z" duration-ms="99" status="PASS">
          <reporter-output>
          </reporter-output>
        </test-method> <!-- setUpClass -->
        <test-method signature="runScenario(cucumber.api.testng.PickleEventWrapper, cucumber.api.testng.CucumberFeatureWrapper)[pri:0, instance:runners.CreateBooking@394df057]" started-at="2019-05-05T11:27:46Z" name="runScenario" description="Runs Cucumber Scenarios" data-provider="scenarios" finished-at="2019-05-05T11:27:58Z" duration-ms="11245" status="FAIL">
          <params>
            <param index="0">
              <value>
                <![CDATA["Create a new Hotel Booking"]]>
              </value>
            </param>
            <param index="1">
              <value>
                <![CDATA["Create the Hotel Booking For a specific time period"]]>
              </value>
            </param>
          </params>
          <exception class="java.lang.AssertionError">
            <message>
              <![CDATA[expected [true] but found [false]]]>
            </message>
            <full-stacktrace>
              <![CDATA[java.lang.AssertionError: expected [true] but found [false]
at org.testng.Assert.fail(Assert.java:96)
at org.testng.Assert.failNotEquals(Assert.java:776)
at org.testng.Assert.assertTrue(Assert.java:44)
at org.testng.Assert.assertTrue(Assert.java:54)
at steps.browser.CreateBooking.theBookingIsSavedSuccessfullyFor(CreateBooking.java:82)
at ✽.The booking is saved successfully for Test(classpath:features/CreateBooking.feature:17)
]]>
            </full-stacktrace>
          </exception> <!-- java.lang.AssertionError -->
          <reporter-output>
          </reporter-output>
        </test-method> <!-- runScenario -->
        <test-method signature="runScenario(cucumber.api.testng.PickleEventWrapper, cucumber.api.testng.CucumberFeatureWrapper)[pri:0, instance:runners.CreateBooking@394df057]" started-at="2019-05-05T11:27:58Z" name="runScenario" description="Runs Cucumber Scenarios" data-provider="scenarios" finished-at="2019-05-05T11:28:07Z" duration-ms="9306" status="FAIL">
          <params>
            <param index="0">
              <value>
                <![CDATA["Create a new Hotel Booking"]]>
              </value>
            </param>
            <param index="1">
              <value>
                <![CDATA["Create the Hotel Booking For a specific time period"]]>
              </value>
            </param>
          </params>
          <exception class="java.lang.AssertionError">
            <message>
              <![CDATA[expected [true] but found [false]]]>
            </message>
            <full-stacktrace>
              <![CDATA[java.lang.AssertionError: expected [true] but found [false]
at org.testng.Assert.fail(Assert.java:96)
at org.testng.Assert.failNotEquals(Assert.java:776)
at org.testng.Assert.assertTrue(Assert.java:44)
at org.testng.Assert.assertTrue(Assert.java:54)
at steps.browser.CreateBooking.theBookingIsSavedSuccessfullyFor(CreateBooking.java:82)
at ✽.The booking is saved successfully for sb(classpath:features/CreateBooking.feature:17)
]]>
            </full-stacktrace>
          </exception> <!-- java.lang.AssertionError -->
          <reporter-output>
          </reporter-output>
        </test-method> <!-- runScenario -->
        <test-method signature="runScenario(cucumber.api.testng.PickleEventWrapper, cucumber.api.testng.CucumberFeatureWrapper)[pri:0, instance:runners.CreateBooking@394df057]" started-at="2019-05-05T11:28:07Z" name="runScenario" description="Runs Cucumber Scenarios" data-provider="scenarios" finished-at="2019-05-05T11:28:16Z" duration-ms="9326" status="PASS">
          <params>
            <param index="0">
              <value>
                <![CDATA["Create a new Hotel Booking"]]>
              </value>
            </param>
            <param index="1">
              <value>
                <![CDATA["Create the Hotel Booking For a specific time period"]]>
              </value>
            </param>
          </params>
          <reporter-output>
          </reporter-output>
        </test-method> <!-- runScenario -->
        <test-method signature="runScenario(cucumber.api.testng.PickleEventWrapper, cucumber.api.testng.CucumberFeatureWrapper)[pri:0, instance:runners.CreateBooking@394df057]" started-at="2019-05-05T11:28:16Z" name="runScenario" description="Runs Cucumber Scenarios" data-provider="scenarios" finished-at="2019-05-05T11:28:26Z" duration-ms="9408" status="FAIL">
          <params>
            <param index="0">
              <value>
                <![CDATA["Create a new Hotel Booking"]]>
              </value>
            </param>
            <param index="1">
              <value>
                <![CDATA["Create the Hotel Booking For a specific time period"]]>
              </value>
            </param>
          </params>
          <exception class="java.lang.AssertionError">
            <message>
              <![CDATA[expected [true] but found [false]]]>
            </message>
            <full-stacktrace>
              <![CDATA[java.lang.AssertionError: expected [true] but found [false]
at org.testng.Assert.fail(Assert.java:96)
at org.testng.Assert.failNotEquals(Assert.java:776)
at org.testng.Assert.assertTrue(Assert.java:44)
at org.testng.Assert.assertTrue(Assert.java:54)
at steps.browser.CreateBooking.theBookingIsSavedSuccessfullyFor(CreateBooking.java:82)
at ✽.The booking is saved successfully for £%%$$%(classpath:features/CreateBooking.feature:17)
]]>
            </full-stacktrace>
          </exception> <!-- java.lang.AssertionError -->
          <reporter-output>
          </reporter-output>
        </test-method> <!-- runScenario -->
        <test-method signature="runScenario(cucumber.api.testng.PickleEventWrapper, cucumber.api.testng.CucumberFeatureWrapper)[pri:0, instance:runners.CreateBooking@394df057]" started-at="2019-05-05T11:28:26Z" name="runScenario" description="Runs Cucumber Scenarios" data-provider="scenarios" finished-at="2019-05-05T11:28:35Z" duration-ms="9279" status="PASS">
          <params>
            <param index="0">
              <value>
                <![CDATA["Create a new Hotel Booking"]]>
              </value>
            </param>
            <param index="1">
              <value>
                <![CDATA["Create the Hotel Booking For a specific time period"]]>
              </value>
            </param>
          </params>
          <reporter-output>
          </reporter-output>
        </test-method> <!-- runScenario -->
        <test-method signature="runScenario(cucumber.api.testng.PickleEventWrapper, cucumber.api.testng.CucumberFeatureWrapper)[pri:0, instance:runners.CreateBooking@394df057]" started-at="2019-05-05T11:28:35Z" name="runScenario" description="Runs Cucumber Scenarios" data-provider="scenarios" finished-at="2019-05-05T11:28:48Z" duration-ms="13178" status="PASS">
          <params>
            <param index="0">
              <value>
                <![CDATA["Create a new Hotel Booking"]]>
              </value>
            </param>
            <param index="1">
              <value>
                <![CDATA["Create the Hotel Booking For a specific time period"]]>
              </value>
            </param>
          </params>
          <reporter-output>
          </reporter-output>
        </test-method> <!-- runScenario -->
        <test-method is-config="true" signature="tearDownClass()[pri:0, instance:runners.CreateBooking@394df057]" started-at="2019-05-05T11:28:48Z" name="tearDownClass" finished-at="2019-05-05T11:28:48Z" duration-ms="63" status="PASS">
          <reporter-output>
          </reporter-output>
        </test-method> <!-- tearDownClass -->
      </class> <!-- runners.CreateBooking -->
    </test> <!-- Hotel Booking -->
  </suite> <!-- BDD Test Suite -->
</testng-results>
